<?xml version="1.0" encoding="UTF-8"?>
<!-- Generated by org.testng.reporters.JUnitReportReporter -->
<testsuite hostname="DESKTOP-M1DRLA4" failures="0" tests="4" name="testclas.DashBoardPageTest" time="157.814" errors="0" timestamp="2024-06-21T07:53:08 IST" skipped="0">
  <testcase classname="testclas.DashBoardPageTest" name="verifynameofpersonuserTest" time="32.995"/>
  <system-out>
    <![CDATA[Person User Login Name Aditya]]>
  </system-out>
  <testcase classname="testclas.DashBoardPageTest" name="verifymycourceURLpageTest" time="37.026"/>
  <system-out>
    <![CDATA[My cource URL https://proschool.ai/dashboard/my-courses/active-courses]]>
  </system-out>
  <testcase classname="testclas.DashBoardPageTest" name="verifymyteacherURlPageTest" time="55.809"/>
  <system-out>
    <![CDATA[My teacher URL https://proschool.ai/dashboard/my-teacher]]>
  </system-out>
  <testcase classname="testclas.DashBoardPageTest" name="veerifyUserProfileURL" time="31.984"/>
  <system-out>
    <![CDATA[URl of My profile https://proschool.ai/settings]]>
  </system-out>
</testsuite> <!-- testclas.DashBoardPageTest -->
