<?xml version="1.0" encoding="UTF-8"?>
<!-- Generated by org.testng.reporters.JUnitReportReporter -->
<testsuite hostname="DESKTOP-M1DRLA4" failures="0" tests="3" name="testclas.LoginPageTest" time="148.243" errors="0" timestamp="2024-06-21T07:53:08 IST" skipped="0">
  <testcase classname="testclas.LoginPageTest" name="verifyTitleOfApplicationTest" time="28.352"/>
  <system-out>
    <![CDATA[Title of page ProSchool]]>
  </system-out>
  <testcase classname="testclas.LoginPageTest" name="verifyDashboardPageURLTest" time="10.804"/>
  <system-out>
    <![CDATA[URl of dashboard page https://proschool.ai/dashboard/home]]>
  </system-out>
  <testcase classname="testclas.LoginPageTest" name="verifyUrlOfApplicationTest" time="109.087"/>
  <system-out>
    <![CDATA[URL of applicationhttps://proschool.ai/login]]>
  </system-out>
</testsuite> <!-- testclas.LoginPageTest -->
